name: train
run_id: commands[0]
env COLUMNS: 156
env HOME: /home/ubuntu
env LANG: C.UTF-8
env LINES: 41
env PATH: /home/ubuntu/Proyecto-Despliegue/Empaquetamiento/s4_taller1/package-src/package-src/.tox/test_package/bin:/home/ubuntu/env-tox/bin:/home/ubuntu/.nvm/versions/node/v20.19.5/bin:/usr/local/sbin:/usr/local/bin:/usr/sbin:/usr/bin:/sbin:/bin:/usr/games:/usr/local/games:/snap/bin
env PIP_DISABLE_PIP_VERSION_CHECK: 1
env PYTHONHASHSEED: 0
env PYTHONIOENCODING: utf-8
env PYTHONPATH: .
env TERM: xterm-256color
env TOX_ENV_DIR: /home/ubuntu/Proyecto-Despliegue/Empaquetamiento/s4_taller1/package-src/package-src/.tox/test_package
env TOX_ENV_NAME: train
env TOX_WORK_DIR: /home/ubuntu/Proyecto-Despliegue/Empaquetamiento/s4_taller1/package-src/package-src/.tox
env VIRTUAL_ENV: /home/ubuntu/Proyecto-Despliegue/Empaquetamiento/s4_taller1/package-src/package-src/.tox/test_package
metadata pid: 2657
cwd: /home/ubuntu/Proyecto-Despliegue/Empaquetamiento/s4_taller1/package-src/package-src
allow: /home/ubuntu/Proyecto-Despliegue/Empaquetamiento/s4_taller1/package-src/package-src/.tox/test_package/bin/*:train
cmd: python model/train_pipeline.py
exit_code: 0

standard error:
/home/ubuntu/Proyecto-Despliegue/Empaquetamiento/s4_taller1/package-src/package-src/.tox/test_package/lib/python3.12/site-packages/xgboost/training.py:199: UserWarning: [02:36:11] WARNING: /workspace/src/learner.cc:790: 
Parameters: { "use_label_encoder" } are not used.

  bst.update(dtrain, iteration=i, fobj=obj)
